[0.000000] (-) TimerEvent: {}
[0.000103] (rov_ctrl_alg_template) JobQueued: {'identifier': 'rov_ctrl_alg_template', 'dependencies': OrderedDict()}
[0.000120] (rov_ctrl_core) JobQueued: {'identifier': 'rov_ctrl_core', 'dependencies': OrderedDict()}
[0.000129] (rov_ctrl_demos) JobQueued: {'identifier': 'rov_ctrl_demos', 'dependencies': OrderedDict()}
[0.000135] (rov_ctrl_if) JobQueued: {'identifier': 'rov_ctrl_if', 'dependencies': OrderedDict()}
[0.000648] (rov_ctrl_alg_template) JobStarted: {'identifier': 'rov_ctrl_alg_template'}
[0.005399] (rov_ctrl_core) JobStarted: {'identifier': 'rov_ctrl_core'}
[0.008118] (rov_ctrl_demos) JobStarted: {'identifier': 'rov_ctrl_demos'}
[0.010991] (rov_ctrl_if) JobStarted: {'identifier': 'rov_ctrl_if'}
[0.099788] (-) TimerEvent: {}
[0.200128] (-) TimerEvent: {}
[0.300449] (-) TimerEvent: {}
[0.400774] (-) TimerEvent: {}
[0.501085] (-) TimerEvent: {}
[0.601403] (-) TimerEvent: {}
[0.677097] (rov_ctrl_demos) Command: {'cmd': ['/usr/bin/python3', '-W', 'ignore:setup.py install is deprecated', '-W', 'ignore:easy_install command is deprecated', 'setup.py', 'develop', '--editable', '--build-directory', '/home/heidischan/rov_ws/build/rov_ctrl_demos/build', '--no-deps', 'symlink_data'], 'cwd': '/home/heidischan/rov_ws/build/rov_ctrl_demos', 'env': {'GZ_SIM_RESOURCE_PATH': '/opt/ros/jazzy/share', 'USER': 'heidischan', 'GZ_CONFIG_PATH': '/opt/ros/jazzy/opt/gz_sim_vendor/share/gz:/opt/ros/jazzy/opt/sdformat_vendor/share/gz:/opt/ros/jazzy/opt/gz_gui_vendor/share/gz:/opt/ros/jazzy/opt/gz_transport_vendor/share/gz:/opt/ros/jazzy/opt/gz_rendering_vendor/share/gz:/opt/ros/jazzy/opt/gz_plugin_vendor/share/gz:/opt/ros/jazzy/opt/gz_fuel_tools_vendor/share/gz:/opt/ros/jazzy/opt/gz_msgs_vendor/share/gz:/opt/ros/jazzy/opt/gz_common_vendor/share/gz', 'XDG_SESSION_TYPE': 'wayland', 'CLUTTER_DISABLE_MIPMAPPED_TEXT': '1', 'SHLVL': '1', 'NS': '/mavros/mavros_uas1', 'LD_LIBRARY_PATH': '/opt/ros/jazzy/opt/gz_sim_vendor/lib:/opt/ros/jazzy/opt/gz_sensors_vendor/lib:/opt/ros/jazzy/opt/gz_physics_vendor/lib:/opt/ros/jazzy/opt/sdformat_vendor/lib:/opt/ros/jazzy/opt/rviz_ogre_vendor/lib:/opt/ros/jazzy/lib/x86_64-linux-gnu:/opt/ros/jazzy/opt/gz_gui_vendor/lib:/opt/ros/jazzy/opt/gz_transport_vendor/lib:/opt/ros/jazzy/opt/gz_rendering_vendor/lib:/opt/ros/jazzy/opt/gz_plugin_vendor/lib:/opt/ros/jazzy/opt/gz_fuel_tools_vendor/lib:/opt/ros/jazzy/opt/gz_msgs_vendor/lib:/opt/ros/jazzy/opt/gz_common_vendor/lib:/opt/ros/jazzy/opt/gz_math_vendor/lib:/opt/ros/jazzy/opt/gz_utils_vendor/lib:/opt/ros/jazzy/opt/gz_tools_vendor/lib:/opt/ros/jazzy/opt/gz_ogre_next_vendor/lib:/opt/ros/jazzy/opt/gz_dartsim_vendor/lib:/opt/ros/jazzy/opt/gz_cmake_vendor/lib:/opt/ros/jazzy/lib', 'HOME': '/home/heidischan', 'OLDPWD': '/home/heidischan', 'DESKTOP_SESSION': 'ubuntu', 'ROS_PYTHON_VERSION': '3', 'GNOME_SHELL_SESSION_MODE': 'ubuntu', 'GTK_MODULES': 'gail:atk-bridge', 'SYSTEMD_EXEC_PID': '2564', 'GSM_SKIP_SSH_AGENT_WORKAROUND': 'true', 'DBUS_SESSION_BUS_ADDRESS': 'unix:path=/run/user/1000/bus', 'COLORTERM': 'truecolor', 'DEBUGINFOD_URLS': 'https://debuginfod.ubuntu.com', 'IM_CONFIG_PHASE': '1', 'WAYLAND_DISPLAY': 'wayland-0', 'COLCON_PREFIX_PATH': '/home/heidischan/rov_ws/install', 'ROS_DISTRO': 'jazzy', 'LOGNAME': 'heidischan', '_': '/usr/bin/colcon', 'ROS_VERSION': '2', 'MEMORY_PRESSURE_WATCH': '/sys/fs/cgroup/user.slice/user-1000.slice/user@1000.service/session.slice/org.gnome.Shell@wayland.service/memory.pressure', 'XDG_SESSION_CLASS': 'user', 'USERNAME': 'heidischan', 'TERM': 'xterm-256color', 'GNOME_DESKTOP_SESSION_ID': 'this-is-deprecated', 'PATH': '/opt/ros/jazzy/opt/gz_msgs_vendor/bin:/opt/ros/jazzy/opt/gz_tools_vendor/bin:/opt/ros/jazzy/opt/gz_ogre_next_vendor/bin:/opt/ros/jazzy/bin:/home/heidischan/.local/bin:/home/heidischan/.local/bin:/home/heidischan/.local/bin:/usr/local/sbin:/usr/local/bin:/usr/sbin:/usr/bin:/sbin:/bin:/usr/games:/usr/local/games:/snap/bin:/snap/bin', 'SESSION_MANAGER': 'local/heidischan-Yoga-Slim-7-14AKP10:@/tmp/.ICE-unix/2533,unix/heidischan-Yoga-Slim-7-14AKP10:/tmp/.ICE-unix/2533', 'XDG_MENU_PREFIX': 'gnome-', 'GNOME_TERMINAL_SCREEN': '/org/gnome/Terminal/screen/88183f14_1346_45ca_9de8_571d52f1d492', 'GNOME_SETUP_DISPLAY': ':1', 'XDG_RUNTIME_DIR': '/run/user/1000', 'DISPLAY': ':0', 'LANG': 'en_US.UTF-8', 'XDG_CURRENT_DESKTOP': 'ubuntu:GNOME', 'RMW_IMPLEMENTATION': 'rmw_fastrtps_cpp', 'XMODIFIERS': '@im=ibus', 'XDG_SESSION_DESKTOP': 'ubuntu', 'XAUTHORITY': '/run/user/1000/.mutter-Xwaylandauth.UCO0F3', 'LS_COLORS': ':di=1;34::di=1;34:', 'GNOME_TERMINAL_SERVICE': ':1.277', 'SSH_AUTH_SOCK': '/run/user/1000/keyring/ssh', 'ROS_DOMAIN_ID': '84', 'AMENT_PREFIX_PATH': '/home/heidischan/rov_ws/install/rov_ctrl_if:/home/heidischan/rov_ws/install/rov_ctrl_demos:/home/heidischan/rov_ws/install/rov_ctrl_core:/home/heidischan/rov_ws/install/rov_ctrl_alg_template:/opt/ros/jazzy', 'SHELL': '/bin/bash', 'QT_ACCESSIBILITY': '1', 'GDMSESSION': 'ubuntu', 'ROS_AUTOMATIC_DISCOVERY_RANGE': 'SUBNET', 'QT_IM_MODULE': 'ibus', 'PWD': '/home/heidischan/rov_ws/build/rov_ctrl_demos', 'XDG_CONFIG_DIRS': '/etc/xdg/xdg-ubuntu:/etc/xdg', 'XDG_DATA_DIRS': '/usr/share/ubuntu:/usr/share/gnome:/usr/local/share/:/usr/share/:/var/lib/snapd/desktop', 'PYTHONPATH': '/home/heidischan/rov_ws/build/rov_ctrl_demos/prefix_override:/usr/lib/python3/dist-packages/colcon_core/task/python/colcon_distutils_commands:/home/heidischan/rov_ws/install/rov_ctrl_demos/lib/python3.12/site-packages:/home/heidischan/rov_ws/build/rov_ctrl_if:/home/heidischan/rov_ws/install/rov_ctrl_if/lib/python3.12/site-packages:/home/heidischan/rov_ws/build/rov_ctrl_demos:/home/heidischan/rov_ws/install/rov_ctrl_demos/lib/python3.12/site-packages:/home/heidischan/rov_ws/build/rov_ctrl_core:/home/heidischan/rov_ws/install/rov_ctrl_core/lib/python3.12/site-packages:/home/heidischan/rov_ws/build/rov_ctrl_alg_template:/home/heidischan/rov_ws/install/rov_ctrl_alg_template/lib/python3.12/site-packages:/opt/ros/jazzy/lib/python3.12/site-packages', 'COLCON': '1', 'MEMORY_PRESSURE_WRITE': 'c29tZSAyMDAwMDAgMjAwMDAwMAA=', 'VTE_VERSION': '7600', 'CMAKE_PREFIX_PATH': '/opt/ros/jazzy/opt/gz_sim_vendor:/opt/ros/jazzy/opt/gz_sensors_vendor:/opt/ros/jazzy/opt/gz_physics_vendor:/opt/ros/jazzy/opt/sdformat_vendor:/opt/ros/jazzy/opt/gz_gui_vendor:/opt/ros/jazzy/opt/gz_transport_vendor:/opt/ros/jazzy/opt/gz_rendering_vendor:/opt/ros/jazzy/opt/gz_plugin_vendor:/opt/ros/jazzy/opt/gz_fuel_tools_vendor:/opt/ros/jazzy/opt/gz_msgs_vendor:/opt/ros/jazzy/opt/gz_common_vendor:/opt/ros/jazzy/opt/gz_math_vendor:/opt/ros/jazzy/opt/gz_utils_vendor:/opt/ros/jazzy/opt/gz_tools_vendor:/opt/ros/jazzy/opt/gz_ogre_next_vendor:/opt/ros/jazzy/opt/gz_dartsim_vendor:/opt/ros/jazzy/opt/gz_cmake_vendor'}, 'shell': False}
[0.680027] (rov_ctrl_core) Command: {'cmd': ['/usr/bin/python3', '-W', 'ignore:setup.py install is deprecated', '-W', 'ignore:easy_install command is deprecated', 'setup.py', 'develop', '--editable', '--build-directory', '/home/heidischan/rov_ws/build/rov_ctrl_core/build', '--no-deps', 'symlink_data'], 'cwd': '/home/heidischan/rov_ws/build/rov_ctrl_core', 'env': {'GZ_SIM_RESOURCE_PATH': '/opt/ros/jazzy/share', 'USER': 'heidischan', 'GZ_CONFIG_PATH': '/opt/ros/jazzy/opt/gz_sim_vendor/share/gz:/opt/ros/jazzy/opt/sdformat_vendor/share/gz:/opt/ros/jazzy/opt/gz_gui_vendor/share/gz:/opt/ros/jazzy/opt/gz_transport_vendor/share/gz:/opt/ros/jazzy/opt/gz_rendering_vendor/share/gz:/opt/ros/jazzy/opt/gz_plugin_vendor/share/gz:/opt/ros/jazzy/opt/gz_fuel_tools_vendor/share/gz:/opt/ros/jazzy/opt/gz_msgs_vendor/share/gz:/opt/ros/jazzy/opt/gz_common_vendor/share/gz', 'XDG_SESSION_TYPE': 'wayland', 'CLUTTER_DISABLE_MIPMAPPED_TEXT': '1', 'SHLVL': '1', 'NS': '/mavros/mavros_uas1', 'LD_LIBRARY_PATH': '/opt/ros/jazzy/opt/gz_sim_vendor/lib:/opt/ros/jazzy/opt/gz_sensors_vendor/lib:/opt/ros/jazzy/opt/gz_physics_vendor/lib:/opt/ros/jazzy/opt/sdformat_vendor/lib:/opt/ros/jazzy/opt/rviz_ogre_vendor/lib:/opt/ros/jazzy/lib/x86_64-linux-gnu:/opt/ros/jazzy/opt/gz_gui_vendor/lib:/opt/ros/jazzy/opt/gz_transport_vendor/lib:/opt/ros/jazzy/opt/gz_rendering_vendor/lib:/opt/ros/jazzy/opt/gz_plugin_vendor/lib:/opt/ros/jazzy/opt/gz_fuel_tools_vendor/lib:/opt/ros/jazzy/opt/gz_msgs_vendor/lib:/opt/ros/jazzy/opt/gz_common_vendor/lib:/opt/ros/jazzy/opt/gz_math_vendor/lib:/opt/ros/jazzy/opt/gz_utils_vendor/lib:/opt/ros/jazzy/opt/gz_tools_vendor/lib:/opt/ros/jazzy/opt/gz_ogre_next_vendor/lib:/opt/ros/jazzy/opt/gz_dartsim_vendor/lib:/opt/ros/jazzy/opt/gz_cmake_vendor/lib:/opt/ros/jazzy/lib', 'HOME': '/home/heidischan', 'OLDPWD': '/home/heidischan', 'DESKTOP_SESSION': 'ubuntu', 'ROS_PYTHON_VERSION': '3', 'GNOME_SHELL_SESSION_MODE': 'ubuntu', 'GTK_MODULES': 'gail:atk-bridge', 'SYSTEMD_EXEC_PID': '2564', 'GSM_SKIP_SSH_AGENT_WORKAROUND': 'true', 'DBUS_SESSION_BUS_ADDRESS': 'unix:path=/run/user/1000/bus', 'COLORTERM': 'truecolor', 'DEBUGINFOD_URLS': 'https://debuginfod.ubuntu.com', 'IM_CONFIG_PHASE': '1', 'WAYLAND_DISPLAY': 'wayland-0', 'COLCON_PREFIX_PATH': '/home/heidischan/rov_ws/install', 'ROS_DISTRO': 'jazzy', 'LOGNAME': 'heidischan', '_': '/usr/bin/colcon', 'ROS_VERSION': '2', 'MEMORY_PRESSURE_WATCH': '/sys/fs/cgroup/user.slice/user-1000.slice/user@1000.service/session.slice/org.gnome.Shell@wayland.service/memory.pressure', 'XDG_SESSION_CLASS': 'user', 'USERNAME': 'heidischan', 'TERM': 'xterm-256color', 'GNOME_DESKTOP_SESSION_ID': 'this-is-deprecated', 'PATH': '/opt/ros/jazzy/opt/gz_msgs_vendor/bin:/opt/ros/jazzy/opt/gz_tools_vendor/bin:/opt/ros/jazzy/opt/gz_ogre_next_vendor/bin:/opt/ros/jazzy/bin:/home/heidischan/.local/bin:/home/heidischan/.local/bin:/home/heidischan/.local/bin:/usr/local/sbin:/usr/local/bin:/usr/sbin:/usr/bin:/sbin:/bin:/usr/games:/usr/local/games:/snap/bin:/snap/bin', 'SESSION_MANAGER': 'local/heidischan-Yoga-Slim-7-14AKP10:@/tmp/.ICE-unix/2533,unix/heidischan-Yoga-Slim-7-14AKP10:/tmp/.ICE-unix/2533', 'XDG_MENU_PREFIX': 'gnome-', 'GNOME_TERMINAL_SCREEN': '/org/gnome/Terminal/screen/88183f14_1346_45ca_9de8_571d52f1d492', 'GNOME_SETUP_DISPLAY': ':1', 'XDG_RUNTIME_DIR': '/run/user/1000', 'DISPLAY': ':0', 'LANG': 'en_US.UTF-8', 'XDG_CURRENT_DESKTOP': 'ubuntu:GNOME', 'RMW_IMPLEMENTATION': 'rmw_fastrtps_cpp', 'XMODIFIERS': '@im=ibus', 'XDG_SESSION_DESKTOP': 'ubuntu', 'XAUTHORITY': '/run/user/1000/.mutter-Xwaylandauth.UCO0F3', 'LS_COLORS': ':di=1;34::di=1;34:', 'GNOME_TERMINAL_SERVICE': ':1.277', 'SSH_AUTH_SOCK': '/run/user/1000/keyring/ssh', 'ROS_DOMAIN_ID': '84', 'AMENT_PREFIX_PATH': '/home/heidischan/rov_ws/install/rov_ctrl_if:/home/heidischan/rov_ws/install/rov_ctrl_demos:/home/heidischan/rov_ws/install/rov_ctrl_core:/home/heidischan/rov_ws/install/rov_ctrl_alg_template:/opt/ros/jazzy', 'SHELL': '/bin/bash', 'QT_ACCESSIBILITY': '1', 'GDMSESSION': 'ubuntu', 'ROS_AUTOMATIC_DISCOVERY_RANGE': 'SUBNET', 'QT_IM_MODULE': 'ibus', 'PWD': '/home/heidischan/rov_ws/build/rov_ctrl_core', 'XDG_CONFIG_DIRS': '/etc/xdg/xdg-ubuntu:/etc/xdg', 'XDG_DATA_DIRS': '/usr/share/ubuntu:/usr/share/gnome:/usr/local/share/:/usr/share/:/var/lib/snapd/desktop', 'PYTHONPATH': '/home/heidischan/rov_ws/build/rov_ctrl_core/prefix_override:/usr/lib/python3/dist-packages/colcon_core/task/python/colcon_distutils_commands:/home/heidischan/rov_ws/install/rov_ctrl_core/lib/python3.12/site-packages:/home/heidischan/rov_ws/build/rov_ctrl_if:/home/heidischan/rov_ws/install/rov_ctrl_if/lib/python3.12/site-packages:/home/heidischan/rov_ws/build/rov_ctrl_demos:/home/heidischan/rov_ws/install/rov_ctrl_demos/lib/python3.12/site-packages:/home/heidischan/rov_ws/build/rov_ctrl_core:/home/heidischan/rov_ws/install/rov_ctrl_core/lib/python3.12/site-packages:/home/heidischan/rov_ws/build/rov_ctrl_alg_template:/home/heidischan/rov_ws/install/rov_ctrl_alg_template/lib/python3.12/site-packages:/opt/ros/jazzy/lib/python3.12/site-packages', 'COLCON': '1', 'MEMORY_PRESSURE_WRITE': 'c29tZSAyMDAwMDAgMjAwMDAwMAA=', 'VTE_VERSION': '7600', 'CMAKE_PREFIX_PATH': '/opt/ros/jazzy/opt/gz_sim_vendor:/opt/ros/jazzy/opt/gz_sensors_vendor:/opt/ros/jazzy/opt/gz_physics_vendor:/opt/ros/jazzy/opt/sdformat_vendor:/opt/ros/jazzy/opt/gz_gui_vendor:/opt/ros/jazzy/opt/gz_transport_vendor:/opt/ros/jazzy/opt/gz_rendering_vendor:/opt/ros/jazzy/opt/gz_plugin_vendor:/opt/ros/jazzy/opt/gz_fuel_tools_vendor:/opt/ros/jazzy/opt/gz_msgs_vendor:/opt/ros/jazzy/opt/gz_common_vendor:/opt/ros/jazzy/opt/gz_math_vendor:/opt/ros/jazzy/opt/gz_utils_vendor:/opt/ros/jazzy/opt/gz_tools_vendor:/opt/ros/jazzy/opt/gz_ogre_next_vendor:/opt/ros/jazzy/opt/gz_dartsim_vendor:/opt/ros/jazzy/opt/gz_cmake_vendor'}, 'shell': False}
[0.684339] (rov_ctrl_if) Command: {'cmd': ['/usr/bin/python3', '-W', 'ignore:setup.py install is deprecated', '-W', 'ignore:easy_install command is deprecated', 'setup.py', 'develop', '--editable', '--build-directory', '/home/heidischan/rov_ws/build/rov_ctrl_if/build', '--no-deps', 'symlink_data'], 'cwd': '/home/heidischan/rov_ws/build/rov_ctrl_if', 'env': {'GZ_SIM_RESOURCE_PATH': '/opt/ros/jazzy/share', 'USER': 'heidischan', 'GZ_CONFIG_PATH': '/opt/ros/jazzy/opt/gz_sim_vendor/share/gz:/opt/ros/jazzy/opt/sdformat_vendor/share/gz:/opt/ros/jazzy/opt/gz_gui_vendor/share/gz:/opt/ros/jazzy/opt/gz_transport_vendor/share/gz:/opt/ros/jazzy/opt/gz_rendering_vendor/share/gz:/opt/ros/jazzy/opt/gz_plugin_vendor/share/gz:/opt/ros/jazzy/opt/gz_fuel_tools_vendor/share/gz:/opt/ros/jazzy/opt/gz_msgs_vendor/share/gz:/opt/ros/jazzy/opt/gz_common_vendor/share/gz', 'XDG_SESSION_TYPE': 'wayland', 'CLUTTER_DISABLE_MIPMAPPED_TEXT': '1', 'SHLVL': '1', 'NS': '/mavros/mavros_uas1', 'LD_LIBRARY_PATH': '/opt/ros/jazzy/opt/gz_sim_vendor/lib:/opt/ros/jazzy/opt/gz_sensors_vendor/lib:/opt/ros/jazzy/opt/gz_physics_vendor/lib:/opt/ros/jazzy/opt/sdformat_vendor/lib:/opt/ros/jazzy/opt/rviz_ogre_vendor/lib:/opt/ros/jazzy/lib/x86_64-linux-gnu:/opt/ros/jazzy/opt/gz_gui_vendor/lib:/opt/ros/jazzy/opt/gz_transport_vendor/lib:/opt/ros/jazzy/opt/gz_rendering_vendor/lib:/opt/ros/jazzy/opt/gz_plugin_vendor/lib:/opt/ros/jazzy/opt/gz_fuel_tools_vendor/lib:/opt/ros/jazzy/opt/gz_msgs_vendor/lib:/opt/ros/jazzy/opt/gz_common_vendor/lib:/opt/ros/jazzy/opt/gz_math_vendor/lib:/opt/ros/jazzy/opt/gz_utils_vendor/lib:/opt/ros/jazzy/opt/gz_tools_vendor/lib:/opt/ros/jazzy/opt/gz_ogre_next_vendor/lib:/opt/ros/jazzy/opt/gz_dartsim_vendor/lib:/opt/ros/jazzy/opt/gz_cmake_vendor/lib:/opt/ros/jazzy/lib', 'HOME': '/home/heidischan', 'OLDPWD': '/home/heidischan', 'DESKTOP_SESSION': 'ubuntu', 'ROS_PYTHON_VERSION': '3', 'GNOME_SHELL_SESSION_MODE': 'ubuntu', 'GTK_MODULES': 'gail:atk-bridge', 'SYSTEMD_EXEC_PID': '2564', 'GSM_SKIP_SSH_AGENT_WORKAROUND': 'true', 'DBUS_SESSION_BUS_ADDRESS': 'unix:path=/run/user/1000/bus', 'COLORTERM': 'truecolor', 'DEBUGINFOD_URLS': 'https://debuginfod.ubuntu.com', 'IM_CONFIG_PHASE': '1', 'WAYLAND_DISPLAY': 'wayland-0', 'COLCON_PREFIX_PATH': '/home/heidischan/rov_ws/install', 'ROS_DISTRO': 'jazzy', 'LOGNAME': 'heidischan', '_': '/usr/bin/colcon', 'ROS_VERSION': '2', 'MEMORY_PRESSURE_WATCH': '/sys/fs/cgroup/user.slice/user-1000.slice/user@1000.service/session.slice/org.gnome.Shell@wayland.service/memory.pressure', 'XDG_SESSION_CLASS': 'user', 'USERNAME': 'heidischan', 'TERM': 'xterm-256color', 'GNOME_DESKTOP_SESSION_ID': 'this-is-deprecated', 'PATH': '/opt/ros/jazzy/opt/gz_msgs_vendor/bin:/opt/ros/jazzy/opt/gz_tools_vendor/bin:/opt/ros/jazzy/opt/gz_ogre_next_vendor/bin:/opt/ros/jazzy/bin:/home/heidischan/.local/bin:/home/heidischan/.local/bin:/home/heidischan/.local/bin:/usr/local/sbin:/usr/local/bin:/usr/sbin:/usr/bin:/sbin:/bin:/usr/games:/usr/local/games:/snap/bin:/snap/bin', 'SESSION_MANAGER': 'local/heidischan-Yoga-Slim-7-14AKP10:@/tmp/.ICE-unix/2533,unix/heidischan-Yoga-Slim-7-14AKP10:/tmp/.ICE-unix/2533', 'XDG_MENU_PREFIX': 'gnome-', 'GNOME_TERMINAL_SCREEN': '/org/gnome/Terminal/screen/88183f14_1346_45ca_9de8_571d52f1d492', 'GNOME_SETUP_DISPLAY': ':1', 'XDG_RUNTIME_DIR': '/run/user/1000', 'DISPLAY': ':0', 'LANG': 'en_US.UTF-8', 'XDG_CURRENT_DESKTOP': 'ubuntu:GNOME', 'RMW_IMPLEMENTATION': 'rmw_fastrtps_cpp', 'XMODIFIERS': '@im=ibus', 'XDG_SESSION_DESKTOP': 'ubuntu', 'XAUTHORITY': '/run/user/1000/.mutter-Xwaylandauth.UCO0F3', 'LS_COLORS': ':di=1;34::di=1;34:', 'GNOME_TERMINAL_SERVICE': ':1.277', 'SSH_AUTH_SOCK': '/run/user/1000/keyring/ssh', 'ROS_DOMAIN_ID': '84', 'AMENT_PREFIX_PATH': '/home/heidischan/rov_ws/install/rov_ctrl_if:/home/heidischan/rov_ws/install/rov_ctrl_demos:/home/heidischan/rov_ws/install/rov_ctrl_core:/home/heidischan/rov_ws/install/rov_ctrl_alg_template:/opt/ros/jazzy', 'SHELL': '/bin/bash', 'QT_ACCESSIBILITY': '1', 'GDMSESSION': 'ubuntu', 'ROS_AUTOMATIC_DISCOVERY_RANGE': 'SUBNET', 'QT_IM_MODULE': 'ibus', 'PWD': '/home/heidischan/rov_ws/build/rov_ctrl_if', 'XDG_CONFIG_DIRS': '/etc/xdg/xdg-ubuntu:/etc/xdg', 'XDG_DATA_DIRS': '/usr/share/ubuntu:/usr/share/gnome:/usr/local/share/:/usr/share/:/var/lib/snapd/desktop', 'PYTHONPATH': '/home/heidischan/rov_ws/build/rov_ctrl_if/prefix_override:/usr/lib/python3/dist-packages/colcon_core/task/python/colcon_distutils_commands:/home/heidischan/rov_ws/install/rov_ctrl_if/lib/python3.12/site-packages:/home/heidischan/rov_ws/build/rov_ctrl_if:/home/heidischan/rov_ws/install/rov_ctrl_if/lib/python3.12/site-packages:/home/heidischan/rov_ws/build/rov_ctrl_demos:/home/heidischan/rov_ws/install/rov_ctrl_demos/lib/python3.12/site-packages:/home/heidischan/rov_ws/build/rov_ctrl_core:/home/heidischan/rov_ws/install/rov_ctrl_core/lib/python3.12/site-packages:/home/heidischan/rov_ws/build/rov_ctrl_alg_template:/home/heidischan/rov_ws/install/rov_ctrl_alg_template/lib/python3.12/site-packages:/opt/ros/jazzy/lib/python3.12/site-packages', 'COLCON': '1', 'MEMORY_PRESSURE_WRITE': 'c29tZSAyMDAwMDAgMjAwMDAwMAA=', 'VTE_VERSION': '7600', 'CMAKE_PREFIX_PATH': '/opt/ros/jazzy/opt/gz_sim_vendor:/opt/ros/jazzy/opt/gz_sensors_vendor:/opt/ros/jazzy/opt/gz_physics_vendor:/opt/ros/jazzy/opt/sdformat_vendor:/opt/ros/jazzy/opt/gz_gui_vendor:/opt/ros/jazzy/opt/gz_transport_vendor:/opt/ros/jazzy/opt/gz_rendering_vendor:/opt/ros/jazzy/opt/gz_plugin_vendor:/opt/ros/jazzy/opt/gz_fuel_tools_vendor:/opt/ros/jazzy/opt/gz_msgs_vendor:/opt/ros/jazzy/opt/gz_common_vendor:/opt/ros/jazzy/opt/gz_math_vendor:/opt/ros/jazzy/opt/gz_utils_vendor:/opt/ros/jazzy/opt/gz_tools_vendor:/opt/ros/jazzy/opt/gz_ogre_next_vendor:/opt/ros/jazzy/opt/gz_dartsim_vendor:/opt/ros/jazzy/opt/gz_cmake_vendor'}, 'shell': False}
[0.685966] (rov_ctrl_alg_template) Command: {'cmd': ['/usr/bin/python3', '-W', 'ignore:setup.py install is deprecated', '-W', 'ignore:easy_install command is deprecated', 'setup.py', 'develop', '--editable', '--build-directory', '/home/heidischan/rov_ws/build/rov_ctrl_alg_template/build', '--no-deps', 'symlink_data'], 'cwd': '/home/heidischan/rov_ws/build/rov_ctrl_alg_template', 'env': {'GZ_SIM_RESOURCE_PATH': '/opt/ros/jazzy/share', 'USER': 'heidischan', 'GZ_CONFIG_PATH': '/opt/ros/jazzy/opt/gz_sim_vendor/share/gz:/opt/ros/jazzy/opt/sdformat_vendor/share/gz:/opt/ros/jazzy/opt/gz_gui_vendor/share/gz:/opt/ros/jazzy/opt/gz_transport_vendor/share/gz:/opt/ros/jazzy/opt/gz_rendering_vendor/share/gz:/opt/ros/jazzy/opt/gz_plugin_vendor/share/gz:/opt/ros/jazzy/opt/gz_fuel_tools_vendor/share/gz:/opt/ros/jazzy/opt/gz_msgs_vendor/share/gz:/opt/ros/jazzy/opt/gz_common_vendor/share/gz', 'XDG_SESSION_TYPE': 'wayland', 'CLUTTER_DISABLE_MIPMAPPED_TEXT': '1', 'SHLVL': '1', 'NS': '/mavros/mavros_uas1', 'LD_LIBRARY_PATH': '/opt/ros/jazzy/opt/gz_sim_vendor/lib:/opt/ros/jazzy/opt/gz_sensors_vendor/lib:/opt/ros/jazzy/opt/gz_physics_vendor/lib:/opt/ros/jazzy/opt/sdformat_vendor/lib:/opt/ros/jazzy/opt/rviz_ogre_vendor/lib:/opt/ros/jazzy/lib/x86_64-linux-gnu:/opt/ros/jazzy/opt/gz_gui_vendor/lib:/opt/ros/jazzy/opt/gz_transport_vendor/lib:/opt/ros/jazzy/opt/gz_rendering_vendor/lib:/opt/ros/jazzy/opt/gz_plugin_vendor/lib:/opt/ros/jazzy/opt/gz_fuel_tools_vendor/lib:/opt/ros/jazzy/opt/gz_msgs_vendor/lib:/opt/ros/jazzy/opt/gz_common_vendor/lib:/opt/ros/jazzy/opt/gz_math_vendor/lib:/opt/ros/jazzy/opt/gz_utils_vendor/lib:/opt/ros/jazzy/opt/gz_tools_vendor/lib:/opt/ros/jazzy/opt/gz_ogre_next_vendor/lib:/opt/ros/jazzy/opt/gz_dartsim_vendor/lib:/opt/ros/jazzy/opt/gz_cmake_vendor/lib:/opt/ros/jazzy/lib', 'HOME': '/home/heidischan', 'OLDPWD': '/home/heidischan', 'DESKTOP_SESSION': 'ubuntu', 'ROS_PYTHON_VERSION': '3', 'GNOME_SHELL_SESSION_MODE': 'ubuntu', 'GTK_MODULES': 'gail:atk-bridge', 'SYSTEMD_EXEC_PID': '2564', 'GSM_SKIP_SSH_AGENT_WORKAROUND': 'true', 'DBUS_SESSION_BUS_ADDRESS': 'unix:path=/run/user/1000/bus', 'COLORTERM': 'truecolor', 'DEBUGINFOD_URLS': 'https://debuginfod.ubuntu.com', 'IM_CONFIG_PHASE': '1', 'WAYLAND_DISPLAY': 'wayland-0', 'COLCON_PREFIX_PATH': '/home/heidischan/rov_ws/install', 'ROS_DISTRO': 'jazzy', 'LOGNAME': 'heidischan', '_': '/usr/bin/colcon', 'ROS_VERSION': '2', 'MEMORY_PRESSURE_WATCH': '/sys/fs/cgroup/user.slice/user-1000.slice/user@1000.service/session.slice/org.gnome.Shell@wayland.service/memory.pressure', 'XDG_SESSION_CLASS': 'user', 'USERNAME': 'heidischan', 'TERM': 'xterm-256color', 'GNOME_DESKTOP_SESSION_ID': 'this-is-deprecated', 'PATH': '/opt/ros/jazzy/opt/gz_msgs_vendor/bin:/opt/ros/jazzy/opt/gz_tools_vendor/bin:/opt/ros/jazzy/opt/gz_ogre_next_vendor/bin:/opt/ros/jazzy/bin:/home/heidischan/.local/bin:/home/heidischan/.local/bin:/home/heidischan/.local/bin:/usr/local/sbin:/usr/local/bin:/usr/sbin:/usr/bin:/sbin:/bin:/usr/games:/usr/local/games:/snap/bin:/snap/bin', 'SESSION_MANAGER': 'local/heidischan-Yoga-Slim-7-14AKP10:@/tmp/.ICE-unix/2533,unix/heidischan-Yoga-Slim-7-14AKP10:/tmp/.ICE-unix/2533', 'XDG_MENU_PREFIX': 'gnome-', 'GNOME_TERMINAL_SCREEN': '/org/gnome/Terminal/screen/88183f14_1346_45ca_9de8_571d52f1d492', 'GNOME_SETUP_DISPLAY': ':1', 'XDG_RUNTIME_DIR': '/run/user/1000', 'DISPLAY': ':0', 'LANG': 'en_US.UTF-8', 'XDG_CURRENT_DESKTOP': 'ubuntu:GNOME', 'RMW_IMPLEMENTATION': 'rmw_fastrtps_cpp', 'XMODIFIERS': '@im=ibus', 'XDG_SESSION_DESKTOP': 'ubuntu', 'XAUTHORITY': '/run/user/1000/.mutter-Xwaylandauth.UCO0F3', 'LS_COLORS': ':di=1;34::di=1;34:', 'GNOME_TERMINAL_SERVICE': ':1.277', 'SSH_AUTH_SOCK': '/run/user/1000/keyring/ssh', 'ROS_DOMAIN_ID': '84', 'AMENT_PREFIX_PATH': '/home/heidischan/rov_ws/install/rov_ctrl_if:/home/heidischan/rov_ws/install/rov_ctrl_demos:/home/heidischan/rov_ws/install/rov_ctrl_core:/home/heidischan/rov_ws/install/rov_ctrl_alg_template:/opt/ros/jazzy', 'SHELL': '/bin/bash', 'QT_ACCESSIBILITY': '1', 'GDMSESSION': 'ubuntu', 'ROS_AUTOMATIC_DISCOVERY_RANGE': 'SUBNET', 'QT_IM_MODULE': 'ibus', 'PWD': '/home/heidischan/rov_ws/build/rov_ctrl_alg_template', 'XDG_CONFIG_DIRS': '/etc/xdg/xdg-ubuntu:/etc/xdg', 'XDG_DATA_DIRS': '/usr/share/ubuntu:/usr/share/gnome:/usr/local/share/:/usr/share/:/var/lib/snapd/desktop', 'PYTHONPATH': '/home/heidischan/rov_ws/build/rov_ctrl_alg_template/prefix_override:/usr/lib/python3/dist-packages/colcon_core/task/python/colcon_distutils_commands:/home/heidischan/rov_ws/install/rov_ctrl_alg_template/lib/python3.12/site-packages:/home/heidischan/rov_ws/build/rov_ctrl_if:/home/heidischan/rov_ws/install/rov_ctrl_if/lib/python3.12/site-packages:/home/heidischan/rov_ws/build/rov_ctrl_demos:/home/heidischan/rov_ws/install/rov_ctrl_demos/lib/python3.12/site-packages:/home/heidischan/rov_ws/build/rov_ctrl_core:/home/heidischan/rov_ws/install/rov_ctrl_core/lib/python3.12/site-packages:/home/heidischan/rov_ws/build/rov_ctrl_alg_template:/home/heidischan/rov_ws/install/rov_ctrl_alg_template/lib/python3.12/site-packages:/opt/ros/jazzy/lib/python3.12/site-packages', 'COLCON': '1', 'MEMORY_PRESSURE_WRITE': 'c29tZSAyMDAwMDAgMjAwMDAwMAA=', 'VTE_VERSION': '7600', 'CMAKE_PREFIX_PATH': '/opt/ros/jazzy/opt/gz_sim_vendor:/opt/ros/jazzy/opt/gz_sensors_vendor:/opt/ros/jazzy/opt/gz_physics_vendor:/opt/ros/jazzy/opt/sdformat_vendor:/opt/ros/jazzy/opt/gz_gui_vendor:/opt/ros/jazzy/opt/gz_transport_vendor:/opt/ros/jazzy/opt/gz_rendering_vendor:/opt/ros/jazzy/opt/gz_plugin_vendor:/opt/ros/jazzy/opt/gz_fuel_tools_vendor:/opt/ros/jazzy/opt/gz_msgs_vendor:/opt/ros/jazzy/opt/gz_common_vendor:/opt/ros/jazzy/opt/gz_math_vendor:/opt/ros/jazzy/opt/gz_utils_vendor:/opt/ros/jazzy/opt/gz_tools_vendor:/opt/ros/jazzy/opt/gz_ogre_next_vendor:/opt/ros/jazzy/opt/gz_dartsim_vendor:/opt/ros/jazzy/opt/gz_cmake_vendor'}, 'shell': False}
[0.701488] (-) TimerEvent: {}
[0.801741] (-) TimerEvent: {}
[0.826330] (rov_ctrl_core) StdoutLine: {'line': b'running develop\n'}
[0.827363] (rov_ctrl_if) StdoutLine: {'line': b'running develop\n'}
[0.830350] (rov_ctrl_demos) StdoutLine: {'line': b'running develop\n'}
[0.833293] (rov_ctrl_alg_template) StdoutLine: {'line': b'running develop\n'}
[0.896222] (rov_ctrl_core) StdoutLine: {'line': b'running egg_info\n'}
[0.896435] (rov_ctrl_core) StdoutLine: {'line': b'creating rov_ctrl_core.egg-info\n'}
[0.896549] (rov_ctrl_if) StdoutLine: {'line': b'running egg_info\n'}
[0.896618] (rov_ctrl_if) StdoutLine: {'line': b'creating rov_ctrl_if.egg-info\n'}
[0.899098] (rov_ctrl_demos) StdoutLine: {'line': b'running egg_info\n'}
[0.899231] (rov_ctrl_demos) StdoutLine: {'line': b'creating rov_ctrl_demos.egg-info\n'}
[0.901795] (-) TimerEvent: {}
[0.902162] (rov_ctrl_alg_template) StdoutLine: {'line': b'running egg_info\n'}
[0.902330] (rov_ctrl_alg_template) StdoutLine: {'line': b'creating rov_ctrl_alg_template.egg-info\n'}
[0.903343] (rov_ctrl_core) StdoutLine: {'line': b'writing rov_ctrl_core.egg-info/PKG-INFO\n'}
[0.903572] (rov_ctrl_core) StdoutLine: {'line': b'writing dependency_links to rov_ctrl_core.egg-info/dependency_links.txt\n'}
[0.903727] (rov_ctrl_core) StdoutLine: {'line': b'writing entry points to rov_ctrl_core.egg-info/entry_points.txt\n'}
[0.903771] (rov_ctrl_if) StdoutLine: {'line': b'writing rov_ctrl_if.egg-info/PKG-INFO\n'}
[0.903858] (rov_ctrl_core) StdoutLine: {'line': b'writing requirements to rov_ctrl_core.egg-info/requires.txt\n'}
[0.903896] (rov_ctrl_core) StdoutLine: {'line': b'writing top-level names to rov_ctrl_core.egg-info/top_level.txt\n'}
[0.903930] (rov_ctrl_core) StdoutLine: {'line': b"writing manifest file 'rov_ctrl_core.egg-info/SOURCES.txt'\n"}
[0.903962] (rov_ctrl_if) StdoutLine: {'line': b'writing dependency_links to rov_ctrl_if.egg-info/dependency_links.txt\n'}
[0.904066] (rov_ctrl_if) StdoutLine: {'line': b'writing entry points to rov_ctrl_if.egg-info/entry_points.txt\n'}
[0.904122] (rov_ctrl_if) StdoutLine: {'line': b'writing requirements to rov_ctrl_if.egg-info/requires.txt\n'}
[0.904158] (rov_ctrl_if) StdoutLine: {'line': b'writing top-level names to rov_ctrl_if.egg-info/top_level.txt\n'}
[0.904242] (rov_ctrl_if) StdoutLine: {'line': b"writing manifest file 'rov_ctrl_if.egg-info/SOURCES.txt'\n"}
[0.906150] (rov_ctrl_demos) StdoutLine: {'line': b'writing rov_ctrl_demos.egg-info/PKG-INFO\n'}
[0.906276] (rov_ctrl_demos) StdoutLine: {'line': b'writing dependency_links to rov_ctrl_demos.egg-info/dependency_links.txt\n'}
[0.906348] (rov_ctrl_demos) StdoutLine: {'line': b'writing entry points to rov_ctrl_demos.egg-info/entry_points.txt\n'}
[0.906392] (rov_ctrl_demos) StdoutLine: {'line': b'writing requirements to rov_ctrl_demos.egg-info/requires.txt\n'}
[0.906449] (rov_ctrl_demos) StdoutLine: {'line': b'writing top-level names to rov_ctrl_demos.egg-info/top_level.txt\n'}
[0.906492] (rov_ctrl_demos) StdoutLine: {'line': b"writing manifest file 'rov_ctrl_demos.egg-info/SOURCES.txt'\n"}
[0.909378] (rov_ctrl_alg_template) StdoutLine: {'line': b'writing rov_ctrl_alg_template.egg-info/PKG-INFO\n'}
[0.909511] (rov_ctrl_alg_template) StdoutLine: {'line': b'writing dependency_links to rov_ctrl_alg_template.egg-info/dependency_links.txt\n'}
[0.909591] (rov_ctrl_alg_template) StdoutLine: {'line': b'writing entry points to rov_ctrl_alg_template.egg-info/entry_points.txt\n'}
[0.909630] (rov_ctrl_alg_template) StdoutLine: {'line': b'writing requirements to rov_ctrl_alg_template.egg-info/requires.txt\n'}
[0.909704] (rov_ctrl_alg_template) StdoutLine: {'line': b'writing top-level names to rov_ctrl_alg_template.egg-info/top_level.txt\n'}
[0.909750] (rov_ctrl_alg_template) StdoutLine: {'line': b"writing manifest file 'rov_ctrl_alg_template.egg-info/SOURCES.txt'\n"}
[0.918445] (rov_ctrl_if) StdoutLine: {'line': b"reading manifest file 'rov_ctrl_if.egg-info/SOURCES.txt'\n"}
[0.918511] (rov_ctrl_core) StdoutLine: {'line': b"reading manifest file 'rov_ctrl_core.egg-info/SOURCES.txt'\n"}
[0.918771] (rov_ctrl_if) StdoutLine: {'line': b"writing manifest file 'rov_ctrl_if.egg-info/SOURCES.txt'\n"}
[0.918822] (rov_ctrl_core) StdoutLine: {'line': b"writing manifest file 'rov_ctrl_core.egg-info/SOURCES.txt'\n"}
[0.920689] (rov_ctrl_demos) StdoutLine: {'line': b"reading manifest file 'rov_ctrl_demos.egg-info/SOURCES.txt'\n"}
[0.921099] (rov_ctrl_demos) StdoutLine: {'line': b"writing manifest file 'rov_ctrl_demos.egg-info/SOURCES.txt'\n"}
[0.925937] (rov_ctrl_alg_template) StdoutLine: {'line': b"reading manifest file 'rov_ctrl_alg_template.egg-info/SOURCES.txt'\n"}
[0.926436] (rov_ctrl_alg_template) StdoutLine: {'line': b"writing manifest file 'rov_ctrl_alg_template.egg-info/SOURCES.txt'\n"}
[0.927230] (rov_ctrl_if) StdoutLine: {'line': b'running build_ext\n'}
[0.927286] (rov_ctrl_if) StdoutLine: {'line': b'Creating /home/heidischan/rov_ws/install/rov_ctrl_if/lib/python3.12/site-packages/rov-ctrl-if.egg-link (link to .)\n'}
[0.927354] (rov_ctrl_core) StdoutLine: {'line': b'running build_ext\n'}
[0.927390] (rov_ctrl_core) StdoutLine: {'line': b'Creating /home/heidischan/rov_ws/install/rov_ctrl_core/lib/python3.12/site-packages/rov-ctrl-core.egg-link (link to .)\n'}
[0.927669] (rov_ctrl_if) StdoutLine: {'line': b'Installing control_mux script to /home/heidischan/rov_ws/install/rov_ctrl_if/lib/rov_ctrl_if\n'}
[0.927765] (rov_ctrl_core) StdoutLine: {'line': b'Installing manual_control_node script to /home/heidischan/rov_ws/install/rov_ctrl_core/lib/rov_ctrl_core\n'}
[0.927813] (rov_ctrl_if) StdoutLine: {'line': b'\n'}
[0.927846] (rov_ctrl_if) StdoutLine: {'line': b'Installed /home/heidischan/rov_ws/build/rov_ctrl_if\n'}
[0.927912] (rov_ctrl_core) StdoutLine: {'line': b'Installing mode_arming_node script to /home/heidischan/rov_ws/install/rov_ctrl_core/lib/rov_ctrl_core\n'}
[0.927945] (rov_ctrl_if) StdoutLine: {'line': b'running symlink_data\n'}
[0.927976] (rov_ctrl_if) StdoutLine: {'line': b'creating /home/heidischan/rov_ws/install/rov_ctrl_if/share/ament_index\n'}
[0.928007] (rov_ctrl_core) StdoutLine: {'line': b'Installing safety_failsafe_node script to /home/heidischan/rov_ws/install/rov_ctrl_core/lib/rov_ctrl_core\n'}
[0.928070] (rov_ctrl_if) StdoutLine: {'line': b'creating /home/heidischan/rov_ws/install/rov_ctrl_if/share/ament_index/resource_index\n'}
[0.928103] (rov_ctrl_core) StdoutLine: {'line': b'\n'}
[0.928145] (rov_ctrl_core) StdoutLine: {'line': b'Installed /home/heidischan/rov_ws/build/rov_ctrl_core\n'}
[0.928176] (rov_ctrl_core) StdoutLine: {'line': b'running symlink_data\n'}
[0.928205] (rov_ctrl_core) StdoutLine: {'line': b'creating /home/heidischan/rov_ws/install/rov_ctrl_core/share/ament_index\n'}
[0.928267] (rov_ctrl_core) StdoutLine: {'line': b'creating /home/heidischan/rov_ws/install/rov_ctrl_core/share/ament_index/resource_index\n'}
[0.928298] (rov_ctrl_if) StdoutLine: {'line': b'creating /home/heidischan/rov_ws/install/rov_ctrl_if/share/ament_index/resource_index/packages\n'}
[0.928329] (rov_ctrl_if) StdoutLine: {'line': b'symbolically linking /home/heidischan/rov_ws/build/rov_ctrl_if/resource/rov_ctrl_if -> /home/heidischan/rov_ws/install/rov_ctrl_if/share/ament_index/resource_index/packages\n'}
[0.928360] (rov_ctrl_if) StdoutLine: {'line': b'symbolically linking /home/heidischan/rov_ws/build/rov_ctrl_if/package.xml -> /home/heidischan/rov_ws/install/rov_ctrl_if/share/rov_ctrl_if\n'}
[0.928389] (rov_ctrl_if) StdoutLine: {'line': b'creating /home/heidischan/rov_ws/install/rov_ctrl_if/share/rov_ctrl_if/launch\n'}
[0.928419] (rov_ctrl_if) StdoutLine: {'line': b'symbolically linking /home/heidischan/rov_ws/build/rov_ctrl_if/launch/control_stack.launch.py -> /home/heidischan/rov_ws/install/rov_ctrl_if/share/rov_ctrl_if/launch\n'}
[0.928449] (rov_ctrl_if) StdoutLine: {'line': b'creating /home/heidischan/rov_ws/install/rov_ctrl_if/share/rov_ctrl_if/config\n'}
[0.928478] (rov_ctrl_if) StdoutLine: {'line': b'symbolically linking /home/heidischan/rov_ws/build/rov_ctrl_if/config/control_mux.yaml -> /home/heidischan/rov_ws/install/rov_ctrl_if/share/rov_ctrl_if/config\n'}
[0.928527] (rov_ctrl_core) StdoutLine: {'line': b'creating /home/heidischan/rov_ws/install/rov_ctrl_core/share/ament_index/resource_index/packages\n'}
[0.928556] (rov_ctrl_core) StdoutLine: {'line': b'symbolically linking /home/heidischan/rov_ws/build/rov_ctrl_core/resource/rov_ctrl_core -> /home/heidischan/rov_ws/install/rov_ctrl_core/share/ament_index/resource_index/packages\n'}
[0.928585] (rov_ctrl_core) StdoutLine: {'line': b'symbolically linking /home/heidischan/rov_ws/build/rov_ctrl_core/package.xml -> /home/heidischan/rov_ws/install/rov_ctrl_core/share/rov_ctrl_core\n'}
[0.928843] (rov_ctrl_demos) StdoutLine: {'line': b'running build_ext\n'}
[0.928896] (rov_ctrl_demos) StdoutLine: {'line': b'Creating /home/heidischan/rov_ws/install/rov_ctrl_demos/lib/python3.12/site-packages/rov-ctrl-demos.egg-link (link to .)\n'}
[0.929243] (rov_ctrl_demos) StdoutLine: {'line': b'Installing simple_forward_demo script to /home/heidischan/rov_ws/install/rov_ctrl_demos/lib/rov_ctrl_demos\n'}
[0.929360] (rov_ctrl_demos) StdoutLine: {'line': b'\n'}
[0.929393] (rov_ctrl_demos) StdoutLine: {'line': b'Installed /home/heidischan/rov_ws/build/rov_ctrl_demos\n'}
[0.929439] (rov_ctrl_demos) StdoutLine: {'line': b'running symlink_data\n'}
[0.929469] (rov_ctrl_demos) StdoutLine: {'line': b'creating /home/heidischan/rov_ws/install/rov_ctrl_demos/share/ament_index\n'}
[0.929518] (rov_ctrl_demos) StdoutLine: {'line': b'creating /home/heidischan/rov_ws/install/rov_ctrl_demos/share/ament_index/resource_index\n'}
[0.929549] (rov_ctrl_demos) StdoutLine: {'line': b'creating /home/heidischan/rov_ws/install/rov_ctrl_demos/share/ament_index/resource_index/packages\n'}
[0.929578] (rov_ctrl_demos) StdoutLine: {'line': b'symbolically linking /home/heidischan/rov_ws/build/rov_ctrl_demos/resource/rov_ctrl_demos -> /home/heidischan/rov_ws/install/rov_ctrl_demos/share/ament_index/resource_index/packages\n'}
[0.929619] (rov_ctrl_demos) StdoutLine: {'line': b'symbolically linking /home/heidischan/rov_ws/build/rov_ctrl_demos/package.xml -> /home/heidischan/rov_ws/install/rov_ctrl_demos/share/rov_ctrl_demos\n'}
[0.937719] (rov_ctrl_alg_template) StdoutLine: {'line': b'running build_ext\n'}
[0.937773] (rov_ctrl_alg_template) StdoutLine: {'line': b'Creating /home/heidischan/rov_ws/install/rov_ctrl_alg_template/lib/python3.12/site-packages/rov-ctrl-alg-template.egg-link (link to .)\n'}
[0.938288] (rov_ctrl_alg_template) StdoutLine: {'line': b'Installing alg_runner script to /home/heidischan/rov_ws/install/rov_ctrl_alg_template/lib/rov_ctrl_alg_template\n'}
[0.938422] (rov_ctrl_alg_template) StdoutLine: {'line': b'Installing alg_runner_gmc script to /home/heidischan/rov_ws/install/rov_ctrl_alg_template/lib/rov_ctrl_alg_template\n'}
[0.938534] (rov_ctrl_alg_template) StdoutLine: {'line': b'\n'}
[0.938566] (rov_ctrl_alg_template) StdoutLine: {'line': b'Installed /home/heidischan/rov_ws/build/rov_ctrl_alg_template\n'}
[0.938606] (rov_ctrl_alg_template) StdoutLine: {'line': b'running symlink_data\n'}
[0.938643] (rov_ctrl_alg_template) StdoutLine: {'line': b'creating /home/heidischan/rov_ws/install/rov_ctrl_alg_template/share/ament_index\n'}
[0.938681] (rov_ctrl_alg_template) StdoutLine: {'line': b'creating /home/heidischan/rov_ws/install/rov_ctrl_alg_template/share/ament_index/resource_index\n'}
[0.938718] (rov_ctrl_alg_template) StdoutLine: {'line': b'creating /home/heidischan/rov_ws/install/rov_ctrl_alg_template/share/ament_index/resource_index/packages\n'}
[0.938762] (rov_ctrl_alg_template) StdoutLine: {'line': b'symbolically linking /home/heidischan/rov_ws/build/rov_ctrl_alg_template/resource/rov_ctrl_alg_template -> /home/heidischan/rov_ws/install/rov_ctrl_alg_template/share/ament_index/resource_index/packages\n'}
[0.938817] (rov_ctrl_alg_template) StdoutLine: {'line': b'symbolically linking /home/heidischan/rov_ws/build/rov_ctrl_alg_template/package.xml -> /home/heidischan/rov_ws/install/rov_ctrl_alg_template/share/rov_ctrl_alg_template\n'}
[0.938854] (rov_ctrl_alg_template) StdoutLine: {'line': b'creating /home/heidischan/rov_ws/install/rov_ctrl_alg_template/share/rov_ctrl_alg_template/config\n'}
[0.938891] (rov_ctrl_alg_template) StdoutLine: {'line': b'symbolically linking /home/heidischan/rov_ws/build/rov_ctrl_alg_template/config/example_pid.yaml -> /home/heidischan/rov_ws/install/rov_ctrl_alg_template/share/rov_ctrl_alg_template/config\n'}
[0.938930] (rov_ctrl_alg_template) StdoutLine: {'line': b'creating /home/heidischan/rov_ws/install/rov_ctrl_alg_template/share/rov_ctrl_alg_template/launch\n'}
[0.938966] (rov_ctrl_alg_template) StdoutLine: {'line': b'symbolically linking /home/heidischan/rov_ws/build/rov_ctrl_alg_template/launch/algorithm_stack.launch.py -> /home/heidischan/rov_ws/install/rov_ctrl_alg_template/share/rov_ctrl_alg_template/launch\n'}
[0.962631] (rov_ctrl_demos) CommandEnded: {'returncode': 0}
[0.969460] (rov_ctrl_demos) JobEnded: {'identifier': 'rov_ctrl_demos', 'rc': 0}
[0.970086] (rov_ctrl_if) CommandEnded: {'returncode': 0}
[0.974484] (rov_ctrl_if) JobEnded: {'identifier': 'rov_ctrl_if', 'rc': 0}
[0.975034] (rov_ctrl_core) CommandEnded: {'returncode': 0}
[0.977889] (rov_ctrl_core) JobEnded: {'identifier': 'rov_ctrl_core', 'rc': 0}
[0.978129] (rov_ctrl_alg_template) CommandEnded: {'returncode': 0}
[0.980571] (rov_ctrl_alg_template) JobEnded: {'identifier': 'rov_ctrl_alg_template', 'rc': 0}
[0.980916] (-) EventReactorShutdown: {}
