running develop
running egg_info
creating rov_ctrl_core.egg-info
writing rov_ctrl_core.egg-info/PKG-INFO
writing dependency_links to rov_ctrl_core.egg-info/dependency_links.txt
writing entry points to rov_ctrl_core.egg-info/entry_points.txt
writing requirements to rov_ctrl_core.egg-info/requires.txt
writing top-level names to rov_ctrl_core.egg-info/top_level.txt
writing manifest file 'rov_ctrl_core.egg-info/SOURCES.txt'
reading manifest file 'rov_ctrl_core.egg-info/SOURCES.txt'
writing manifest file 'rov_ctrl_core.egg-info/SOURCES.txt'
running build_ext
Creating /home/heidischan/rov_ws/install/rov_ctrl_core/lib/python3.12/site-packages/rov-ctrl-core.egg-link (link to .)
Installing manual_control_node script to /home/heidischan/rov_ws/install/rov_ctrl_core/lib/rov_ctrl_core
Installing mode_arming_node script to /home/heidischan/rov_ws/install/rov_ctrl_core/lib/rov_ctrl_core
Installing safety_failsafe_node script to /home/heidischan/rov_ws/install/rov_ctrl_core/lib/rov_ctrl_core

Installed /home/heidischan/rov_ws/build/rov_ctrl_core
running symlink_data
creating /home/heidischan/rov_ws/install/rov_ctrl_core/share/ament_index
creating /home/heidischan/rov_ws/install/rov_ctrl_core/share/ament_index/resource_index
creating /home/heidischan/rov_ws/install/rov_ctrl_core/share/ament_index/resource_index/packages
symbolically linking /home/heidischan/rov_ws/build/rov_ctrl_core/resource/rov_ctrl_core -> /home/heidischan/rov_ws/install/rov_ctrl_core/share/ament_index/resource_index/packages
symbolically linking /home/heidischan/rov_ws/build/rov_ctrl_core/package.xml -> /home/heidischan/rov_ws/install/rov_ctrl_core/share/rov_ctrl_core
