[0.675s] Invoking command in '/home/heidischan/rov_ws/build/rov_ctrl_core': DEBUGINFOD_URLS=https://debuginfod.ubuntu.com PYTHONPATH=/home/heidischan/rov_ws/build/rov_ctrl_core/prefix_override:/usr/lib/python3/dist-packages/colcon_core/task/python/colcon_distutils_commands:/home/heidischan/rov_ws/install/rov_ctrl_core/lib/python3.12/site-packages:${PYTHONPATH} /usr/bin/python3 -W ignore:setup.py install is deprecated -W ignore:easy_install command is deprecated setup.py develop --editable --build-directory /home/heidischan/rov_ws/build/rov_ctrl_core/build --no-deps symlink_data
[0.821s] running develop
[0.891s] running egg_info
[0.891s] creating rov_ctrl_core.egg-info
[0.898s] writing rov_ctrl_core.egg-info/PKG-INFO
[0.898s] writing dependency_links to rov_ctrl_core.egg-info/dependency_links.txt
[0.898s] writing entry points to rov_ctrl_core.egg-info/entry_points.txt
[0.898s] writing requirements to rov_ctrl_core.egg-info/requires.txt
[0.899s] writing top-level names to rov_ctrl_core.egg-info/top_level.txt
[0.899s] writing manifest file 'rov_ctrl_core.egg-info/SOURCES.txt'
[0.913s] reading manifest file 'rov_ctrl_core.egg-info/SOURCES.txt'
[0.913s] writing manifest file 'rov_ctrl_core.egg-info/SOURCES.txt'
[0.922s] running build_ext
[0.922s] Creating /home/heidischan/rov_ws/install/rov_ctrl_core/lib/python3.12/site-packages/rov-ctrl-core.egg-link (link to .)
[0.922s] Installing manual_control_node script to /home/heidischan/rov_ws/install/rov_ctrl_core/lib/rov_ctrl_core
[0.923s] Installing mode_arming_node script to /home/heidischan/rov_ws/install/rov_ctrl_core/lib/rov_ctrl_core
[0.923s] Installing safety_failsafe_node script to /home/heidischan/rov_ws/install/rov_ctrl_core/lib/rov_ctrl_core
[0.923s] 
[0.923s] Installed /home/heidischan/rov_ws/build/rov_ctrl_core
[0.923s] running symlink_data
[0.923s] creating /home/heidischan/rov_ws/install/rov_ctrl_core/share/ament_index
[0.923s] creating /home/heidischan/rov_ws/install/rov_ctrl_core/share/ament_index/resource_index
[0.923s] creating /home/heidischan/rov_ws/install/rov_ctrl_core/share/ament_index/resource_index/packages
[0.923s] symbolically linking /home/heidischan/rov_ws/build/rov_ctrl_core/resource/rov_ctrl_core -> /home/heidischan/rov_ws/install/rov_ctrl_core/share/ament_index/resource_index/packages
[0.923s] symbolically linking /home/heidischan/rov_ws/build/rov_ctrl_core/package.xml -> /home/heidischan/rov_ws/install/rov_ctrl_core/share/rov_ctrl_core
[0.970s] Invoked command in '/home/heidischan/rov_ws/build/rov_ctrl_core' returned '0': DEBUGINFOD_URLS=https://debuginfod.ubuntu.com PYTHONPATH=/home/heidischan/rov_ws/build/rov_ctrl_core/prefix_override:/usr/lib/python3/dist-packages/colcon_core/task/python/colcon_distutils_commands:/home/heidischan/rov_ws/install/rov_ctrl_core/lib/python3.12/site-packages:${PYTHONPATH} /usr/bin/python3 -W ignore:setup.py install is deprecated -W ignore:easy_install command is deprecated setup.py develop --editable --build-directory /home/heidischan/rov_ws/build/rov_ctrl_core/build --no-deps symlink_data
